This file contains any messages produced by compilers while
running configure, to aid debugging if configure makes a mistake.

It was created by dillo configure 3.0.5, which was
generated by GNU Autoconf 2.69.  Invocation command line was

  $ ./configure 

## --------- ##
## Platform. ##
## --------- ##

hostname = hamburg-ThinkPad-T540p
uname -m = x86_64
uname -r = 4.10.0-19-generic
uname -s = Linux
uname -v = #21-Ubuntu SMP Thu Apr 6 17:04:57 UTC 2017

/usr/bin/uname -p = unknown
/bin/uname -X     = unknown

/bin/arch              = unknown
/usr/bin/arch -k       = unknown
/usr/convex/getsysinfo = unknown
/usr/bin/hostinfo      = unknown
/bin/machine           = unknown
/usr/bin/oslevel       = unknown
/bin/universe          = unknown

PATH: /usr/local/sbin
PATH: /usr/local/bin
PATH: /usr/sbin
PATH: /usr/bin
PATH: /sbin
PATH: /bin
PATH: /usr/games
PATH: /usr/local/games
PATH: /snap/bin


## ----------- ##
## Core tests. ##
## ----------- ##

configure:2628: checking build system type
configure:2642: result: x86_64-unknown-linux-gnu
configure:2662: checking host system type
configure:2675: result: x86_64-unknown-linux-gnu
configure:2695: checking target system type
configure:2708: result: x86_64-unknown-linux-gnu
configure:2751: checking for a BSD-compatible install
configure:2819: result: /usr/bin/install -c
configure:2830: checking whether build environment is sane
configure:2880: result: yes
configure:3021: checking for a thread-safe mkdir -p
configure:3060: result: /bin/mkdir -p
configure:3073: checking for gawk
configure:3103: result: no
configure:3073: checking for mawk
configure:3089: found /usr/bin/mawk
configure:3100: result: mawk
configure:3111: checking whether make sets $(MAKE)
configure:3133: result: yes
configure:3354: checking for gcc
configure:3370: found /usr/bin/gcc
configure:3381: result: gcc
configure:3610: checking for C compiler version
configure:3619: gcc --version >&5
gcc (Ubuntu 6.3.0-12ubuntu2) 6.3.0 20170406
Copyright (C) 2016 Free Software Foundation, Inc.
This is free software; see the source for copying conditions.  There is NO
warranty; not even for MERCHANTABILITY or FITNESS FOR A PARTICULAR PURPOSE.

configure:3630: $? = 0
configure:3619: gcc -v >&5
Using built-in specs.
COLLECT_GCC=gcc
COLLECT_LTO_WRAPPER=/usr/lib/gcc/x86_64-linux-gnu/6/lto-wrapper
Target: x86_64-linux-gnu
Configured with: ../src/configure -v --with-pkgversion='Ubuntu 6.3.0-12ubuntu2' --with-bugurl=file:///usr/share/doc/gcc-6/README.Bugs --enable-languages=c,ada,c++,java,go,d,fortran,objc,obj-c++ --prefix=/usr --program-suffix=-6 --program-prefix=x86_64-linux-gnu- --enable-shared --enable-linker-build-id --libexecdir=/usr/lib --without-included-gettext --enable-threads=posix --libdir=/usr/lib --enable-nls --with-sysroot=/ --enable-clocale=gnu --enable-libstdcxx-debug --enable-libstdcxx-time=yes --with-default-libstdcxx-abi=new --enable-gnu-unique-object --disable-vtable-verify --enable-libmpx --enable-plugin --enable-default-pie --with-system-zlib --disable-browser-plugin --enable-java-awt=gtk --enable-gtk-cairo --with-java-home=/usr/lib/jvm/java-1.5.0-gcj-6-amd64/jre --enable-java-home --with-jvm-root-dir=/usr/lib/jvm/java-1.5.0-gcj-6-amd64 --with-jvm-jar-dir=/usr/lib/jvm-exports/java-1.5.0-gcj-6-amd64 --with-arch-directory=amd64 --with-ecj-jar=/usr/share/java/eclipse-ecj.jar --with-target-system-zlib --enable-objc-gc=auto --enable-multiarch --disable-werror --with-arch-32=i686 --with-abi=m64 --with-multilib-list=m32,m64,mx32 --enable-multilib --with-tune=generic --enable-checking=release --build=x86_64-linux-gnu --host=x86_64-linux-gnu --target=x86_64-linux-gnu
Thread model: posix
gcc version 6.3.0 20170406 (Ubuntu 6.3.0-12ubuntu2) 
configure:3630: $? = 0
configure:3619: gcc -V >&5
gcc: error: unrecognized command line option '-V'
gcc: fatal error: no input files
compilation terminated.
configure:3630: $? = 1
configure:3619: gcc -qversion >&5
gcc: error: unrecognized command line option '-qversion'; did you mean '--version'?
gcc: fatal error: no input files
compilation terminated.
configure:3630: $? = 1
configure:3650: checking whether the C compiler works
configure:3672: gcc    conftest.c  >&5
configure:3676: $? = 0
configure:3724: result: yes
configure:3727: checking for C compiler default output file name
configure:3729: result: a.out
configure:3735: checking for suffix of executables
configure:3742: gcc -o conftest    conftest.c  >&5
configure:3746: $? = 0
configure:3768: result: 
configure:3790: checking whether we are cross compiling
configure:3798: gcc -o conftest    conftest.c  >&5
configure:3802: $? = 0
configure:3809: ./conftest
configure:3813: $? = 0
configure:3828: result: no
configure:3833: checking for suffix of object files
configure:3855: gcc -c   conftest.c >&5
configure:3859: $? = 0
configure:3880: result: o
configure:3884: checking whether we are using the GNU C compiler
configure:3903: gcc -c   conftest.c >&5
configure:3903: $? = 0
configure:3912: result: yes
configure:3921: checking whether gcc accepts -g
configure:3941: gcc -c -g  conftest.c >&5
configure:3941: $? = 0
configure:3982: result: yes
configure:3999: checking for gcc option to accept ISO C89
configure:4062: gcc  -c -g -O2  conftest.c >&5
configure:4062: $? = 0
configure:4075: result: none needed
configure:4106: checking for style of include used by make
configure:4134: result: GNU
configure:4160: checking dependency style of gcc
configure:4271: result: gcc3
configure:4344: checking for g++
configure:4360: found /usr/bin/g++
configure:4371: result: g++
configure:4398: checking for C++ compiler version
configure:4407: g++ --version >&5
g++ (Ubuntu 6.3.0-12ubuntu2) 6.3.0 20170406
Copyright (C) 2016 Free Software Foundation, Inc.
This is free software; see the source for copying conditions.  There is NO
warranty; not even for MERCHANTABILITY or FITNESS FOR A PARTICULAR PURPOSE.

configure:4418: $? = 0
configure:4407: g++ -v >&5
Using built-in specs.
COLLECT_GCC=g++
COLLECT_LTO_WRAPPER=/usr/lib/gcc/x86_64-linux-gnu/6/lto-wrapper
Target: x86_64-linux-gnu
Configured with: ../src/configure -v --with-pkgversion='Ubuntu 6.3.0-12ubuntu2' --with-bugurl=file:///usr/share/doc/gcc-6/README.Bugs --enable-languages=c,ada,c++,java,go,d,fortran,objc,obj-c++ --prefix=/usr --program-suffix=-6 --program-prefix=x86_64-linux-gnu- --enable-shared --enable-linker-build-id --libexecdir=/usr/lib --without-included-gettext --enable-threads=posix --libdir=/usr/lib --enable-nls --with-sysroot=/ --enable-clocale=gnu --enable-libstdcxx-debug --enable-libstdcxx-time=yes --with-default-libstdcxx-abi=new --enable-gnu-unique-object --disable-vtable-verify --enable-libmpx --enable-plugin --enable-default-pie --with-system-zlib --disable-browser-plugin --enable-java-awt=gtk --enable-gtk-cairo --with-java-home=/usr/lib/jvm/java-1.5.0-gcj-6-amd64/jre --enable-java-home --with-jvm-root-dir=/usr/lib/jvm/java-1.5.0-gcj-6-amd64 --with-jvm-jar-dir=/usr/lib/jvm-exports/java-1.5.0-gcj-6-amd64 --with-arch-directory=amd64 --with-ecj-jar=/usr/share/java/eclipse-ecj.jar --with-target-system-zlib --enable-objc-gc=auto --enable-multiarch --disable-werror --with-arch-32=i686 --with-abi=m64 --with-multilib-list=m32,m64,mx32 --enable-multilib --with-tune=generic --enable-checking=release --build=x86_64-linux-gnu --host=x86_64-linux-gnu --target=x86_64-linux-gnu
Thread model: posix
gcc version 6.3.0 20170406 (Ubuntu 6.3.0-12ubuntu2) 
configure:4418: $? = 0
configure:4407: g++ -V >&5
g++: error: unrecognized command line option '-V'
g++: fatal error: no input files
compilation terminated.
configure:4418: $? = 1
configure:4407: g++ -qversion >&5
g++: error: unrecognized command line option '-qversion'; did you mean '--version'?
g++: fatal error: no input files
compilation terminated.
configure:4418: $? = 1
configure:4422: checking whether we are using the GNU C++ compiler
configure:4441: g++ -c   conftest.cpp >&5
configure:4441: $? = 0
configure:4450: result: yes
configure:4459: checking whether g++ accepts -g
configure:4479: g++ -c -g  conftest.cpp >&5
configure:4479: $? = 0
configure:4520: result: yes
configure:4545: checking dependency style of g++
configure:4656: result: gcc3
configure:4714: checking for ranlib
configure:4730: found /usr/bin/ranlib
configure:4741: result: ranlib
configure:4768: checking how to run the C preprocessor
configure:4799: gcc -E  conftest.c
configure:4799: $? = 0
configure:4813: gcc -E  conftest.c
conftest.c:11:28: fatal error: ac_nonexistent.h: No such file or directory
 #include <ac_nonexistent.h>
                            ^
compilation terminated.
configure:4813: $? = 1
configure: failed program was:
| /* confdefs.h */
| #define PACKAGE_NAME "dillo"
| #define PACKAGE_TARNAME "dillo"
| #define PACKAGE_VERSION "3.0.5"
| #define PACKAGE_STRING "dillo 3.0.5"
| #define PACKAGE_BUGREPORT ""
| #define PACKAGE_URL ""
| #define PACKAGE "dillo"
| #define VERSION "3.0.5"
| /* end confdefs.h.  */
| #include <ac_nonexistent.h>
configure:4838: result: gcc -E
configure:4858: gcc -E  conftest.c
configure:4858: $? = 0
configure:4872: gcc -E  conftest.c
conftest.c:11:28: fatal error: ac_nonexistent.h: No such file or directory
 #include <ac_nonexistent.h>
                            ^
compilation terminated.
configure:4872: $? = 1
configure: failed program was:
| /* confdefs.h */
| #define PACKAGE_NAME "dillo"
| #define PACKAGE_TARNAME "dillo"
| #define PACKAGE_VERSION "3.0.5"
| #define PACKAGE_STRING "dillo 3.0.5"
| #define PACKAGE_BUGREPORT ""
| #define PACKAGE_URL ""
| #define PACKAGE "dillo"
| #define VERSION "3.0.5"
| /* end confdefs.h.  */
| #include <ac_nonexistent.h>
configure:4903: checking for grep that handles long lines and -e
configure:4961: result: /bin/grep
configure:4966: checking for egrep
configure:5028: result: /bin/grep -E
configure:5033: checking for ANSI C header files
configure:5053: gcc -c -g -O2  conftest.c >&5
configure:5053: $? = 0
configure:5126: gcc -o conftest -g -O2   conftest.c  >&5
configure:5126: $? = 0
configure:5126: ./conftest
configure:5126: $? = 0
configure:5137: result: yes
configure:5150: checking for sys/types.h
configure:5150: gcc -c -g -O2  conftest.c >&5
configure:5150: $? = 0
configure:5150: result: yes
configure:5150: checking for sys/stat.h
configure:5150: gcc -c -g -O2  conftest.c >&5
configure:5150: $? = 0
configure:5150: result: yes
configure:5150: checking for stdlib.h
configure:5150: gcc -c -g -O2  conftest.c >&5
configure:5150: $? = 0
configure:5150: result: yes
configure:5150: checking for string.h
configure:5150: gcc -c -g -O2  conftest.c >&5
configure:5150: $? = 0
configure:5150: result: yes
configure:5150: checking for memory.h
configure:5150: gcc -c -g -O2  conftest.c >&5
configure:5150: $? = 0
configure:5150: result: yes
configure:5150: checking for strings.h
configure:5150: gcc -c -g -O2  conftest.c >&5
configure:5150: $? = 0
configure:5150: result: yes
configure:5150: checking for inttypes.h
configure:5150: gcc -c -g -O2  conftest.c >&5
configure:5150: $? = 0
configure:5150: result: yes
configure:5150: checking for stdint.h
configure:5150: gcc -c -g -O2  conftest.c >&5
configure:5150: $? = 0
configure:5150: result: yes
configure:5150: checking for unistd.h
configure:5150: gcc -c -g -O2  conftest.c >&5
configure:5150: $? = 0
configure:5150: result: yes
configure:5166: checking size of char
configure:5171: gcc -o conftest -g -O2   conftest.c  >&5
configure:5171: $? = 0
configure:5171: ./conftest
configure:5171: $? = 0
configure:5185: result: 1
configure:5199: checking size of short
configure:5204: gcc -o conftest -g -O2   conftest.c  >&5
configure:5204: $? = 0
configure:5204: ./conftest
configure:5204: $? = 0
configure:5218: result: 2
configure:5232: checking size of long
configure:5237: gcc -o conftest -g -O2   conftest.c  >&5
configure:5237: $? = 0
configure:5237: ./conftest
configure:5237: $? = 0
configure:5251: result: 8
configure:5265: checking size of int
configure:5270: gcc -o conftest -g -O2   conftest.c  >&5
configure:5270: $? = 0
configure:5270: ./conftest
configure:5270: $? = 0
configure:5284: result: 4
configure:5298: checking size of void *
configure:5303: gcc -o conftest -g -O2   conftest.c  >&5
configure:5303: $? = 0
configure:5303: ./conftest
configure:5303: $? = 0
configure:5317: result: 8
configure:5328: checking for int16_t
configure:5328: gcc -c -g -O2  conftest.c >&5
configure:5328: $? = 0
configure:5328: gcc -c -g -O2  conftest.c >&5
conftest.c: In function 'main':
conftest.c:63:12: error: size of array 'test_array' is negative
 static int test_array [1 - 2 * !((int16_t) (((((int16_t) 1 << N) << N) - 1) * 2 + 1)
            ^~~~~~~~~~
configure:5328: $? = 1
configure: failed program was:
| /* confdefs.h */
| #define PACKAGE_NAME "dillo"
| #define PACKAGE_TARNAME "dillo"
| #define PACKAGE_VERSION "3.0.5"
| #define PACKAGE_STRING "dillo 3.0.5"
| #define PACKAGE_BUGREPORT ""
| #define PACKAGE_URL ""
| #define PACKAGE "dillo"
| #define VERSION "3.0.5"
| #define STDC_HEADERS 1
| #define HAVE_SYS_TYPES_H 1
| #define HAVE_SYS_STAT_H 1
| #define HAVE_STDLIB_H 1
| #define HAVE_STRING_H 1
| #define HAVE_MEMORY_H 1
| #define HAVE_STRINGS_H 1
| #define HAVE_INTTYPES_H 1
| #define HAVE_STDINT_H 1
| #define HAVE_UNISTD_H 1
| #define SIZEOF_CHAR 1
| #define SIZEOF_SHORT 2
| #define SIZEOF_LONG 8
| #define SIZEOF_INT 4
| #define SIZEOF_VOID_P 8
| /* end confdefs.h.  */
| #include <stdio.h>
| #ifdef HAVE_SYS_TYPES_H
| # include <sys/types.h>
| #endif
| #ifdef HAVE_SYS_STAT_H
| # include <sys/stat.h>
| #endif
| #ifdef STDC_HEADERS
| # include <stdlib.h>
| # include <stddef.h>
| #else
| # ifdef HAVE_STDLIB_H
| #  include <stdlib.h>
| # endif
| #endif
| #ifdef HAVE_STRING_H
| # if !defined STDC_HEADERS && defined HAVE_MEMORY_H
| #  include <memory.h>
| # endif
| # include <string.h>
| #endif
| #ifdef HAVE_STRINGS_H
| # include <strings.h>
| #endif
| #ifdef HAVE_INTTYPES_H
| # include <inttypes.h>
| #endif
| #ifdef HAVE_STDINT_H
| # include <stdint.h>
| #endif
| #ifdef HAVE_UNISTD_H
| # include <unistd.h>
| #endif
| 	        enum { N = 16 / 2 - 1 };
| int
| main ()
| {
| static int test_array [1 - 2 * !((int16_t) (((((int16_t) 1 << N) << N) - 1) * 2 + 1)
| 		 < (int16_t) (((((int16_t) 1 << N) << N) - 1) * 2 + 2))];
| test_array [0] = 0;
| return test_array [0];
| 
|   ;
|   return 0;
| }
configure:5328: result: yes
configure:5339: checking for uint16_t
configure:5339: gcc -c -g -O2  conftest.c >&5
configure:5339: $? = 0
configure:5339: result: yes
configure:5351: checking for int32_t
configure:5351: gcc -c -g -O2  conftest.c >&5
configure:5351: $? = 0
configure:5351: gcc -c -g -O2  conftest.c >&5
conftest.c: In function 'main':
conftest.c:64:53: warning: integer overflow in expression [-Woverflow]
    < (int32_t) (((((int32_t) 1 << N) << N) - 1) * 2 + 2))];
                                                     ^
conftest.c:63:12: error: storage size of 'test_array' isn't constant
 static int test_array [1 - 2 * !((int32_t) (((((int32_t) 1 << N) << N) - 1) * 2 + 1)
            ^~~~~~~~~~
configure:5351: $? = 1
configure: failed program was:
| /* confdefs.h */
| #define PACKAGE_NAME "dillo"
| #define PACKAGE_TARNAME "dillo"
| #define PACKAGE_VERSION "3.0.5"
| #define PACKAGE_STRING "dillo 3.0.5"
| #define PACKAGE_BUGREPORT ""
| #define PACKAGE_URL ""
| #define PACKAGE "dillo"
| #define VERSION "3.0.5"
| #define STDC_HEADERS 1
| #define HAVE_SYS_TYPES_H 1
| #define HAVE_SYS_STAT_H 1
| #define HAVE_STDLIB_H 1
| #define HAVE_STRING_H 1
| #define HAVE_MEMORY_H 1
| #define HAVE_STRINGS_H 1
| #define HAVE_INTTYPES_H 1
| #define HAVE_STDINT_H 1
| #define HAVE_UNISTD_H 1
| #define SIZEOF_CHAR 1
| #define SIZEOF_SHORT 2
| #define SIZEOF_LONG 8
| #define SIZEOF_INT 4
| #define SIZEOF_VOID_P 8
| /* end confdefs.h.  */
| #include <stdio.h>
| #ifdef HAVE_SYS_TYPES_H
| # include <sys/types.h>
| #endif
| #ifdef HAVE_SYS_STAT_H
| # include <sys/stat.h>
| #endif
| #ifdef STDC_HEADERS
| # include <stdlib.h>
| # include <stddef.h>
| #else
| # ifdef HAVE_STDLIB_H
| #  include <stdlib.h>
| # endif
| #endif
| #ifdef HAVE_STRING_H
| # if !defined STDC_HEADERS && defined HAVE_MEMORY_H
| #  include <memory.h>
| # endif
| # include <string.h>
| #endif
| #ifdef HAVE_STRINGS_H
| # include <strings.h>
| #endif
| #ifdef HAVE_INTTYPES_H
| # include <inttypes.h>
| #endif
| #ifdef HAVE_STDINT_H
| # include <stdint.h>
| #endif
| #ifdef HAVE_UNISTD_H
| # include <unistd.h>
| #endif
| 	        enum { N = 32 / 2 - 1 };
| int
| main ()
| {
| static int test_array [1 - 2 * !((int32_t) (((((int32_t) 1 << N) << N) - 1) * 2 + 1)
| 		 < (int32_t) (((((int32_t) 1 << N) << N) - 1) * 2 + 2))];
| test_array [0] = 0;
| return test_array [0];
| 
|   ;
|   return 0;
| }
configure:5351: result: yes
configure:5362: checking for uint32_t
configure:5362: gcc -c -g -O2  conftest.c >&5
configure:5362: $? = 0
configure:5362: result: yes
configure:5384: checking for gethostbyname
configure:5384: gcc -o conftest -g -O2  -I/usr/local/include  -L/usr/local/lib conftest.c  >&5
configure:5384: $? = 0
configure:5384: result: yes
configure:5487: checking for setsockopt
configure:5487: gcc -o conftest -g -O2  -I/usr/local/include  -L/usr/local/lib conftest.c  >&5
configure:5487: $? = 0
configure:5487: result: yes
configure:5543: checking for socklen_t
configure:5563: gcc -c -g -O2  -I/usr/local/include conftest.c >&5
configure:5563: $? = 0
configure:5593: result: socklen_t
configure:5604: checking FLTK 1.3
configure:5608: checking for fltk-config
configure:5626: found /usr/bin/fltk-config
configure:5638: result: /usr/bin/fltk-config
configure:5648: result: yes
configure:5661: checking whether to link to X11
configure:5700: g++ -o conftest -I/usr/include/cairo -I/usr/include/glib-2.0 -I/usr/lib/x86_64-linux-gnu/glib-2.0/include -I/usr/include/pixman-1 -I/usr/include/freetype2 -I/usr/include/libpng16 -I/usr/include/freetype2 -I/usr/include/cairo -I/usr/include/glib-2.0 -I/usr/lib/x86_64-linux-gnu/glib-2.0/include -I/usr/include/pixman-1 -I/usr/include/freetype2 -I/usr/include/libpng16   -I/usr/local/include  -L/usr/local/lib conftest.cpp -fPIE -pie -lfltk -lX11 >&5
configure:5700: $? = 0
configure:5700: ./conftest
configure:5700: $? = 0
configure:5701: result: yes
configure:5722: checking jpeglib.h usability
configure:5722: gcc -c -g -O2  -I/usr/local/include conftest.c >&5
conftest.c:61:21: fatal error: jpeglib.h: No such file or directory
 #include <jpeglib.h>
                     ^
compilation terminated.
configure:5722: $? = 1
configure: failed program was:
| /* confdefs.h */
| #define PACKAGE_NAME "dillo"
| #define PACKAGE_TARNAME "dillo"
| #define PACKAGE_VERSION "3.0.5"
| #define PACKAGE_STRING "dillo 3.0.5"
| #define PACKAGE_BUGREPORT ""
| #define PACKAGE_URL ""
| #define PACKAGE "dillo"
| #define VERSION "3.0.5"
| #define STDC_HEADERS 1
| #define HAVE_SYS_TYPES_H 1
| #define HAVE_SYS_STAT_H 1
| #define HAVE_STDLIB_H 1
| #define HAVE_STRING_H 1
| #define HAVE_MEMORY_H 1
| #define HAVE_STRINGS_H 1
| #define HAVE_INTTYPES_H 1
| #define HAVE_STDINT_H 1
| #define HAVE_UNISTD_H 1
| #define SIZEOF_CHAR 1
| #define SIZEOF_SHORT 2
| #define SIZEOF_LONG 8
| #define SIZEOF_INT 4
| #define SIZEOF_VOID_P 8
| #define HAVE_GETHOSTBYNAME 1
| #define HAVE_SETSOCKOPT 1
| /* end confdefs.h.  */
| #include <stdio.h>
| #ifdef HAVE_SYS_TYPES_H
| # include <sys/types.h>
| #endif
| #ifdef HAVE_SYS_STAT_H
| # include <sys/stat.h>
| #endif
| #ifdef STDC_HEADERS
| # include <stdlib.h>
| # include <stddef.h>
| #else
| # ifdef HAVE_STDLIB_H
| #  include <stdlib.h>
| # endif
| #endif
| #ifdef HAVE_STRING_H
| # if !defined STDC_HEADERS && defined HAVE_MEMORY_H
| #  include <memory.h>
| # endif
| # include <string.h>
| #endif
| #ifdef HAVE_STRINGS_H
| # include <strings.h>
| #endif
| #ifdef HAVE_INTTYPES_H
| # include <inttypes.h>
| #endif
| #ifdef HAVE_STDINT_H
| # include <stdint.h>
| #endif
| #ifdef HAVE_UNISTD_H
| # include <unistd.h>
| #endif
| #include <jpeglib.h>
configure:5722: result: no
configure:5722: checking jpeglib.h presence
configure:5722: gcc -E  -I/usr/local/include conftest.c
conftest.c:28:21: fatal error: jpeglib.h: No such file or directory
 #include <jpeglib.h>
                     ^
compilation terminated.
configure:5722: $? = 1
configure: failed program was:
| /* confdefs.h */
| #define PACKAGE_NAME "dillo"
| #define PACKAGE_TARNAME "dillo"
| #define PACKAGE_VERSION "3.0.5"
| #define PACKAGE_STRING "dillo 3.0.5"
| #define PACKAGE_BUGREPORT ""
| #define PACKAGE_URL ""
| #define PACKAGE "dillo"
| #define VERSION "3.0.5"
| #define STDC_HEADERS 1
| #define HAVE_SYS_TYPES_H 1
| #define HAVE_SYS_STAT_H 1
| #define HAVE_STDLIB_H 1
| #define HAVE_STRING_H 1
| #define HAVE_MEMORY_H 1
| #define HAVE_STRINGS_H 1
| #define HAVE_INTTYPES_H 1
| #define HAVE_STDINT_H 1
| #define HAVE_UNISTD_H 1
| #define SIZEOF_CHAR 1
| #define SIZEOF_SHORT 2
| #define SIZEOF_LONG 8
| #define SIZEOF_INT 4
| #define SIZEOF_VOID_P 8
| #define HAVE_GETHOSTBYNAME 1
| #define HAVE_SETSOCKOPT 1
| /* end confdefs.h.  */
| #include <jpeglib.h>
configure:5722: result: no
configure:5722: checking for jpeglib.h
configure:5722: result: no
configure:5787: WARNING: *** No libjpeg found. Disabling jpeg images.***
configure:5798: checking zlib.h usability
configure:5798: gcc -c -g -O2  -I/usr/local/include conftest.c >&5
configure:5798: $? = 0
configure:5798: result: yes
configure:5798: checking zlib.h presence
configure:5798: gcc -E  -I/usr/local/include conftest.c
configure:5798: $? = 0
configure:5798: result: yes
configure:5798: checking for zlib.h
configure:5798: result: yes
configure:5809: checking for zlibVersion in -lz
configure:5834: gcc -o conftest -g -O2  -I/usr/local/include  -L/usr/local/lib conftest.c -lz   >&5
configure:5834: $? = 0
configure:5843: result: yes
configure:5861: checking for libpng-config
configure:5881: result: /usr/bin/libpng16-config
configure:5891: checking for libpng version
configure:5895: result: 1.6.28
configure:6066: checking iconv.h usability
configure:6066: gcc -c -g -O2  -I/usr/local/include conftest.c >&5
configure:6066: $? = 0
configure:6066: result: yes
configure:6066: checking iconv.h presence
configure:6066: gcc -E  -I/usr/local/include conftest.c
configure:6066: $? = 0
configure:6066: result: yes
configure:6066: checking for iconv.h
configure:6066: result: yes
configure:6075: checking for iconv_open in -lc
configure:6100: gcc -o conftest -g -O2  -I/usr/local/include  -L/usr/local/lib conftest.c -lc   >&5
configure:6100: $? = 0
configure:6109: result: yes
configure:6223: g++ -c -g -O2  -I/usr/local/include conftest.cpp >&5
conftest.cpp: In function 'int main()':
conftest.cpp:41:16: error: invalid conversion from 'const char**' to 'char**' [-fpermissive]
 iconv(encoder, &inPtr, &inLeft, &outPtr, &outRoom);
                ^~~~~~
In file included from conftest.cpp:31:0:
/usr/include/iconv.h:42:15: note:   initializing argument 2 of 'size_t iconv(iconv_t, char**, size_t*, char**, size_t*)'
 extern size_t iconv (iconv_t __cd, char **__restrict __inbuf,
               ^~~~~
configure:6223: $? = 1
configure: failed program was:
| /* confdefs.h */
| #define PACKAGE_NAME "dillo"
| #define PACKAGE_TARNAME "dillo"
| #define PACKAGE_VERSION "3.0.5"
| #define PACKAGE_STRING "dillo 3.0.5"
| #define PACKAGE_BUGREPORT ""
| #define PACKAGE_URL ""
| #define PACKAGE "dillo"
| #define VERSION "3.0.5"
| #define STDC_HEADERS 1
| #define HAVE_SYS_TYPES_H 1
| #define HAVE_SYS_STAT_H 1
| #define HAVE_STDLIB_H 1
| #define HAVE_STRING_H 1
| #define HAVE_MEMORY_H 1
| #define HAVE_STRINGS_H 1
| #define HAVE_INTTYPES_H 1
| #define HAVE_STDINT_H 1
| #define HAVE_UNISTD_H 1
| #define SIZEOF_CHAR 1
| #define SIZEOF_SHORT 2
| #define SIZEOF_LONG 8
| #define SIZEOF_INT 4
| #define SIZEOF_VOID_P 8
| #define HAVE_GETHOSTBYNAME 1
| #define HAVE_SETSOCKOPT 1
| #define ENABLE_PNG 1
| #define ENABLE_GIF 1
| /* end confdefs.h.  */
| 
| #include <iconv.h>
| 
| int
| main ()
| {
| 
| const char *inPtr;
| char *outPtr;
| size_t inLeft = 0, outRoom = 0;
| iconv_t encoder = iconv_open("ASCII", "UTF-8");
| iconv(encoder, &inPtr, &inLeft, &outPtr, &outRoom);
| 
|   ;
|   return 0;
| }
configure:6253: checking for pthread_create in -lpthread
configure:6278: gcc -o conftest -g -O2  -I/usr/local/include  -L/usr/local/lib conftest.c -lpthread   >&5
configure:6278: $? = 0
configure:6287: result: yes
configure:6565: checking fcntl.h usability
configure:6565: gcc -c -g -O2 -DD_DNS_THREADED  -I/usr/local/include conftest.c >&5
configure:6565: $? = 0
configure:6565: result: yes
configure:6565: checking fcntl.h presence
configure:6565: gcc -E  -I/usr/local/include conftest.c
configure:6565: $? = 0
configure:6565: result: yes
configure:6565: checking for fcntl.h
configure:6565: result: yes
configure:6565: checking for unistd.h
configure:6565: result: yes
configure:6565: checking sys/uio.h usability
configure:6565: gcc -c -g -O2 -DD_DNS_THREADED  -I/usr/local/include conftest.c >&5
configure:6565: $? = 0
configure:6565: result: yes
configure:6565: checking sys/uio.h presence
configure:6565: gcc -E  -I/usr/local/include conftest.c
configure:6565: $? = 0
configure:6565: result: yes
configure:6565: checking for sys/uio.h
configure:6565: result: yes
configure:6754: creating ./config.status

## ---------------------- ##
## Running config.status. ##
## ---------------------- ##

This file was extended by dillo config.status 3.0.5, which was
generated by GNU Autoconf 2.69.  Invocation command line was

  CONFIG_FILES    = 
  CONFIG_HEADERS  = 
  CONFIG_LINKS    = 
  CONFIG_COMMANDS = 
  $ ./config.status 

on hamburg-ThinkPad-T540p

config.status:908: creating Makefile
config.status:908: creating dlib/Makefile
config.status:908: creating dpip/Makefile
config.status:908: creating dpid/Makefile
config.status:908: creating dpi/Makefile
config.status:908: creating doc/Makefile
config.status:908: creating dw/Makefile
config.status:908: creating lout/Makefile
config.status:908: creating src/Makefile
config.status:908: creating src/IO/Makefile
config.status:908: creating test/Makefile
config.status:908: creating config.h
config.status:1137: executing depfiles commands

## ---------------- ##
## Cache variables. ##
## ---------------- ##

ac_cv_build=x86_64-unknown-linux-gnu
ac_cv_c_compiler_gnu=yes
ac_cv_c_int16_t=yes
ac_cv_c_int32_t=yes
ac_cv_c_uint16_t=yes
ac_cv_c_uint32_t=yes
ac_cv_cxx_compiler_gnu=yes
ac_cv_env_CCC_set=
ac_cv_env_CCC_value=
ac_cv_env_CC_set=
ac_cv_env_CC_value=
ac_cv_env_CFLAGS_set=
ac_cv_env_CFLAGS_value=
ac_cv_env_CPPFLAGS_set=
ac_cv_env_CPPFLAGS_value=
ac_cv_env_CPP_set=
ac_cv_env_CPP_value=
ac_cv_env_CXXFLAGS_set=
ac_cv_env_CXXFLAGS_value=
ac_cv_env_CXX_set=
ac_cv_env_CXX_value=
ac_cv_env_LDFLAGS_set=
ac_cv_env_LDFLAGS_value=
ac_cv_env_LIBS_set=
ac_cv_env_LIBS_value=
ac_cv_env_build_alias_set=
ac_cv_env_build_alias_value=
ac_cv_env_host_alias_set=
ac_cv_env_host_alias_value=
ac_cv_env_target_alias_set=
ac_cv_env_target_alias_value=
ac_cv_func_gethostbyname=yes
ac_cv_func_setsockopt=yes
ac_cv_header_fcntl_h=yes
ac_cv_header_iconv_h=yes
ac_cv_header_inttypes_h=yes
ac_cv_header_jpeglib_h=no
ac_cv_header_memory_h=yes
ac_cv_header_stdc=yes
ac_cv_header_stdint_h=yes
ac_cv_header_stdlib_h=yes
ac_cv_header_string_h=yes
ac_cv_header_strings_h=yes
ac_cv_header_sys_stat_h=yes
ac_cv_header_sys_types_h=yes
ac_cv_header_sys_uio_h=yes
ac_cv_header_unistd_h=yes
ac_cv_header_zlib_h=yes
ac_cv_host=x86_64-unknown-linux-gnu
ac_cv_lib_c_iconv_open=yes
ac_cv_lib_pthread_pthread_create=yes
ac_cv_lib_z_zlibVersion=yes
ac_cv_objext=o
ac_cv_path_EGREP='/bin/grep -E'
ac_cv_path_FLTK_CONFIG=/usr/bin/fltk-config
ac_cv_path_GREP=/bin/grep
ac_cv_path_install='/usr/bin/install -c'
ac_cv_path_mkdir=/bin/mkdir
ac_cv_prog_AWK=mawk
ac_cv_prog_CPP='gcc -E'
ac_cv_prog_ac_ct_CC=gcc
ac_cv_prog_ac_ct_CXX=g++
ac_cv_prog_ac_ct_RANLIB=ranlib
ac_cv_prog_cc_c89=
ac_cv_prog_cc_g=yes
ac_cv_prog_cxx_g=yes
ac_cv_prog_make_make_set=yes
ac_cv_sizeof_char=1
ac_cv_sizeof_int=4
ac_cv_sizeof_long=8
ac_cv_sizeof_short=2
ac_cv_sizeof_void_p=8
ac_cv_socklen_t=socklen_t
ac_cv_target=x86_64-unknown-linux-gnu
am_cv_CC_dependencies_compiler_type=gcc3
am_cv_CXX_dependencies_compiler_type=gcc3

## ----------------- ##
## Output variables. ##
## ----------------- ##

ACLOCAL='${SHELL} /home/hamburg/allc/browser/dillo-3.0.5/missing --run aclocal-1.11'
AMDEPBACKSLASH='\'
AMDEP_FALSE='#'
AMDEP_TRUE=''
AMTAR='$${TAR-tar}'
AUTOCONF='${SHELL} /home/hamburg/allc/browser/dillo-3.0.5/missing --run autoconf'
AUTOHEADER='${SHELL} /home/hamburg/allc/browser/dillo-3.0.5/missing --run autoheader'
AUTOMAKE='${SHELL} /home/hamburg/allc/browser/dillo-3.0.5/missing --run automake-1.11'
AWK='mawk'
CC='gcc'
CCDEPMODE='depmode=gcc3'
CFLAGS='-g -O2 -DD_DNS_THREADED -D_REENTRANT -D_THREAD_SAFE -Wall -W -Wno-unused-parameter -Waggregate-return'
CPP='gcc -E'
CPPFLAGS=' -I/usr/local/include'
CXX='g++'
CXXDEPMODE='depmode=gcc3'
CXXFLAGS='-g -O2 -Wall -W -Wno-unused-parameter -fno-rtti -fno-exceptions'
CYGPATH_W='echo'
DEFS='-DHAVE_CONFIG_H'
DEPDIR='.deps'
ECHO_C=''
ECHO_N='-n'
ECHO_T=''
EGREP='/bin/grep -E'
EXEEXT=''
FLTK_CONFIG='/usr/bin/fltk-config'
GREP='/bin/grep'
INSTALL_DATA='${INSTALL} -m 644'
INSTALL_PROGRAM='${INSTALL}'
INSTALL_SCRIPT='${INSTALL}'
INSTALL_STRIP_PROGRAM='$(install_sh) -c -s'
LDFLAGS=' -L/usr/local/lib'
LIBFLTK_CFLAGS='-I/usr/include/cairo -I/usr/include/glib-2.0 -I/usr/lib/x86_64-linux-gnu/glib-2.0/include -I/usr/include/pixman-1 -I/usr/include/freetype2 -I/usr/include/libpng16 -I/usr/include/freetype2 '
LIBFLTK_CXXFLAGS='-I/usr/include/cairo -I/usr/include/glib-2.0 -I/usr/lib/x86_64-linux-gnu/glib-2.0/include -I/usr/include/pixman-1 -I/usr/include/freetype2 -I/usr/include/libpng16 -I/usr/include/freetype2 -I/usr/include/cairo -I/usr/include/glib-2.0 -I/usr/lib/x86_64-linux-gnu/glib-2.0/include -I/usr/include/pixman-1 -I/usr/include/freetype2 -I/usr/include/libpng16 '
LIBFLTK_LIBS='-fPIE -pie -lfltk -lX11'
LIBICONV_LIBS=''
LIBJPEG_CPPFLAGS=''
LIBJPEG_LDFLAGS=''
LIBJPEG_LIBS=''
LIBOBJS=''
LIBPNG_CFLAGS='-I/usr/include/libpng16'
LIBPNG_LIBS='-lpng16'
LIBPTHREAD_LDFLAGS=''
LIBPTHREAD_LIBS='-lpthread'
LIBS=''
LIBSSL_LIBS=''
LIBX11_LIBS='-lX11'
LIBZ_LIBS='-lz'
LTLIBOBJS=''
MAKEINFO='${SHELL} /home/hamburg/allc/browser/dillo-3.0.5/missing --run makeinfo'
MKDIR_P='/bin/mkdir -p'
OBJEXT='o'
PACKAGE='dillo'
PACKAGE_BUGREPORT=''
PACKAGE_NAME='dillo'
PACKAGE_STRING='dillo 3.0.5'
PACKAGE_TARNAME='dillo'
PACKAGE_URL=''
PACKAGE_VERSION='3.0.5'
PATH_SEPARATOR=':'
RANLIB='ranlib'
SET_MAKE=''
SHELL='/bin/bash'
STRIP=''
VERSION='3.0.5'
ac_ct_CC='gcc'
ac_ct_CXX='g++'
am__EXEEXT_FALSE=''
am__EXEEXT_TRUE='#'
am__fastdepCC_FALSE='#'
am__fastdepCC_TRUE=''
am__fastdepCXX_FALSE='#'
am__fastdepCXX_TRUE=''
am__include='include'
am__isrc=''
am__leading_dot='.'
am__nodep='_no'
am__quote=''
am__tar='$${TAR-tar} chof - "$$tardir"'
am__untar='$${TAR-tar} xf -'
bindir='${exec_prefix}/bin'
build='x86_64-unknown-linux-gnu'
build_alias=''
build_cpu='x86_64'
build_os='linux-gnu'
build_vendor='unknown'
datadir='${datarootdir}'
datarootdir='${prefix}/share'
docdir='${datarootdir}/doc/${PACKAGE_TARNAME}'
dvidir='${docdir}'
exec_prefix='${prefix}'
host='x86_64-unknown-linux-gnu'
host_alias=''
host_cpu='x86_64'
host_os='linux-gnu'
host_vendor='unknown'
htmldir='${docdir}'
includedir='${prefix}/include'
infodir='${datarootdir}/info'
install_sh='${SHELL} /home/hamburg/allc/browser/dillo-3.0.5/install-sh'
libdir='${exec_prefix}/lib'
libexecdir='${exec_prefix}/libexec'
localedir='${datarootdir}/locale'
localstatedir='${prefix}/var'
mandir='${datarootdir}/man'
mkdir_p='/bin/mkdir -p'
oldincludedir='/usr/include'
pdfdir='${docdir}'
prefix='/usr/local'
program_transform_name='s,x,x,'
psdir='${docdir}'
sbindir='${exec_prefix}/sbin'
sharedstatedir='${prefix}/com'
sysconfdir='${prefix}/etc/dillo'
target='x86_64-unknown-linux-gnu'
target_alias=''
target_cpu='x86_64'
target_os='linux-gnu'
target_vendor='unknown'

## ----------- ##
## confdefs.h. ##
## ----------- ##

/* confdefs.h */
#define PACKAGE_NAME "dillo"
#define PACKAGE_TARNAME "dillo"
#define PACKAGE_VERSION "3.0.5"
#define PACKAGE_STRING "dillo 3.0.5"
#define PACKAGE_BUGREPORT ""
#define PACKAGE_URL ""
#define PACKAGE "dillo"
#define VERSION "3.0.5"
#define STDC_HEADERS 1
#define HAVE_SYS_TYPES_H 1
#define HAVE_SYS_STAT_H 1
#define HAVE_STDLIB_H 1
#define HAVE_STRING_H 1
#define HAVE_MEMORY_H 1
#define HAVE_STRINGS_H 1
#define HAVE_INTTYPES_H 1
#define HAVE_STDINT_H 1
#define HAVE_UNISTD_H 1
#define SIZEOF_CHAR 1
#define SIZEOF_SHORT 2
#define SIZEOF_LONG 8
#define SIZEOF_INT 4
#define SIZEOF_VOID_P 8
#define HAVE_GETHOSTBYNAME 1
#define HAVE_SETSOCKOPT 1
#define ENABLE_PNG 1
#define ENABLE_GIF 1
#define inbuf_t char
#define HAVE_FCNTL_H 1
#define HAVE_UNISTD_H 1
#define HAVE_SYS_UIO_H 1

configure: exit 0
